
WEC-Sim Input From Standard wecSimInputFile.m Of Case Directory... 
WEC-Sim: An open-source code for simulating wave energy converters
Version: 6.1

Initializing the Simulation Class...
	Case Dir: C:\Users\jguerrero\Documents\GitHub\eWave_2.0 
Elapsed time is 0.429717 seconds.

WEC-Sim Pre-processing ...   
Elapsed time is 6.516433 seconds.

WEC-Sim Simulation Settings:
	Start Time                     (sec) = 0
	End Time                       (sec) = 275
	Time Step Size                 (sec) = 0.05
	Ramp Function Time             (sec) = 25
	Convolution Integral Interval  (sec) = 2
	 Number of Time Steps     = 5500 

Wave Environment: 
	Wave Type                            = Irregular Waves (Predefined Random Phase)
	Spectrum Type                        = JONSWAP 
	Significant Wave Height, Hs      (m) = 0.05
	Peak Wave Period, Tp           (sec) = 2.5

List of Body:
 Number of Hydro Bodies = 1 

	***** Body Number 1, Name: Float *****
	Body CG                          (m) = [0.0511,0,0.0533]
	Body Mass                       (kg) = 3.075 
	Body Moments of Inertia       (kgm2) = [0,0.00145,0]
	Body Products of Inertia      (kgm2) = [0,0,0]

Number of Non-Hydro Bodies = 4 

	***** Body Number 2, Name: Arm *****
	Body CG                          (m) = [-0.3301,0,0.2551]
	Body Mass                       (kg) = 1.157 
	Body Moments of Inertia       (kgm2) = [0,0.0606,0]
	Body Products of Inertia      (kgm2) = [0,0,0]

	***** Body Number 3, Name: Frame *****
	Body CG                          (m) = [0,0,0]
	Body Mass                       (kg) = 999 
	Body Moments of Inertia       (kgm2) = [999,999,999]
	Body Products of Inertia      (kgm2) = [0,0,0]

	***** Body Number 4, Name: BC *****
	Body CG                          (m) = [0,0,0]
	Body Mass                       (kg) = 0.0001 
	Body Moments of Inertia       (kgm2) = [0.0001,0.0001,0.0001]
	Body Products of Inertia      (kgm2) = [0,0,0]

	***** Body Number 5, Name: Motor *****
	Body CG                          (m) = [0,0,0]
	Body Mass                       (kg) = 0.0001 
	Body Moments of Inertia       (kgm2) = [0.0001,0.0001,0.0001]
	Body Products of Inertia      (kgm2) = [0,0,0]

List of PTO(s): Number of PTOs = 1 

	***** PTO Name: PTO *****
	PTO Stiffness           (N/m;Nm/rad) = 0
	PTO Damping           (Ns/m;Nsm/rad) = 0

List of Constraint(s): Number of Constraints = 5 

	***** Constraint Name: Arm-Float *****

	***** Constraint Name: A *****

	***** Constraint Name: B *****

	***** Constraint Name: C *****

	***** Constraint Name: Fixed *****


Simulating the WEC device defined in the SimMechanics model C:\Users\jguerrero\Documents\GitHub\eWave_2.0\WaveStar.slx...   
Elapsed time is 13.820976 seconds.
[Warning: Using find_system without the 'Variants' argument skips inactive Variant Subsystem blocks in the search. This
behavior will change in a future release to look at all choices of the Variant Subsystem. To find blocks that are
active in simulation or code generation, compile the model and use the built-in variant filters with the 'MatchFilter'
option. To find all blocks use filter '@Simulink.match.allVariants' with the 'MatchFilter' option.] 
[> In <a href="matlab:matlab.internal.language.introspective.errorDocCallback('inputOrCustomCallback', 'C:\Users\jguerrero\Documents\GitHub\WEC-Sim\source\functions\simulink\mask\inputOrCustomCallback.m', 31)" style="font-weight:bold">inputOrCustomCallback</a> (<a href="matlab: opentoline('C:\Users\jguerrero\Documents\GitHub\WEC-Sim\source\functions\simulink\mask\inputOrCustomCallback.m',31,0)">line 31</a>)
In <a href="matlab:matlab.internal.language.introspective.errorDocCallback('wecSim', 'C:\Users\jguerrero\Documents\GitHub\WEC-Sim\source\wecSim.m', 43)" style="font-weight:bold">wecSim</a> (<a href="matlab: opentoline('C:\Users\jguerrero\Documents\GitHub\WEC-Sim\source\wecSim.m',43,0)">line 43</a>)] 
Elapsed time is 506.902110 seconds.

Post-processing and saving...   

Simulation for Sea State 7, run with a NMPC controller,
Extracted Energy: 23.87 [J] with mean power 94.00 [mW].

EC = 38.47 with a mean power 94.00.
Elapsed time is 10.175270 seconds.
